
> template@1.0.0 dev /opt/oracle/admin/DBINV/DB-APP
> concurrently "npm run server" "npm run client"

[1] 
[1] > template@1.0.0 client /opt/oracle/admin/DBINV/DB-APP
[1] > cd client && npm start
[1] 
[0] 
[0] > template@1.0.0 server /opt/oracle/admin/DBINV/DB-APP
[0] > cd server && node index.js
[0] 
[0] running 8000
[1] 
[1] > template@0.1.0 start /opt/oracle/admin/DBINV/DB-APP/client
[1] > react-scripts start
[1] 
[1] [34mℹ[39m [90m｢wds｣[39m: Project is running at http://10.105.64.12/
[1] [34mℹ[39m [90m｢wds｣[39m: webpack output is served from 
[1] [34mℹ[39m [90m｢wds｣[39m: Content not from webpack is served from /opt/oracle/admin/DBINV/DB-APP/client/public
[1] [34mℹ[39m [90m｢wds｣[39m: 404s will fallback to /
[1] Starting the development server...
[1] 
[1] Browserslist: caniuse-lite is outdated. Please run:
[1]   npx browserslist@latest --update-db
[1]   Why you should do it regularly: https://github.com/browserslist/browserslist#browsers-data-updating
[1] Compiled with warnings.
[1] 
[1] src/pages/Table.js
[1]   Line 1924:27:  Array.prototype.map() expects a return value from arrow function  array-callback-return
[1] 
[1] Search for the keywords to learn more about each warning.
[1] To ignore, add // eslint-disable-next-line to the line before.
[1] 
